
Lmod is automatically replacing "gcc/12.3" with "intel/2023.2.1".


Lmod is automatically replacing "intelmpi/2021.9.0" with "openmpi/4.1.5".


Lmod is automatically replacing "gcc/12.3" with "intel/2023.2.1".


Lmod is automatically replacing "openmpi/4.1.5" with "intelmpi/2021.9.0".

Running n=1000 ndat=1000 ...
 Worker            2  exiting...
 Worker            3  exiting...
 Worker            6  exiting...
 Worker            5  exiting...
 Worker            7  exiting...
 Worker            1  exiting...
 Manager exiting...
 Worker            4  exiting...
 wtime=   57.3846279956051      (s)
Running n=2000 ndat=1000 ...
 Worker            1  exiting...
 Worker            3  exiting...
 Worker            7  exiting...
 Worker            6  exiting...
 Worker            4  exiting...
 Worker            5  exiting...
 Manager exiting...
 Worker            2  exiting...
 wtime=   494.450036429451      (s)
Running n=4000 ndat=1000 ...
 Worker            7  exiting...
 Worker            4  exiting...
 Worker            1  exiting...
 Worker            5  exiting...
 Worker            6  exiting...
 Worker            3  exiting...
 Worker            2  exiting...
 Manager exiting...
 wtime=   2766.33572897624      (s)
Running n=6000 ndat=1000 ...
 Worker            4  exiting...
 Worker            3  exiting...
 Worker            5  exiting...
 Worker            2  exiting...
 Worker            1  exiting...
 Worker            6  exiting...
 Manager exiting...
 Worker            7  exiting...
 wtime=   6908.82615868613      (s)
Running n=8000 ndat=1000 ...
slurmstepd: error: *** JOB 59258575 ON nc10128 CANCELLED AT 2026-04-12T22:22:25 DUE TO TIME LIMIT ***
slurmstepd: error: *** STEP 59258575.4 ON nc10128 CANCELLED AT 2026-04-12T22:22:25 DUE TO TIME LIMIT ***
srun: Job step aborted: Waiting up to 62 seconds for job step to finish.
forrtl: error (78): process killed (SIGTERM)
forrtl: error (78): process killed (SIGTERM)
Image              PC                Routine            Line        Source             
libc.so.6          000014BE5AA63790  Unknown               Unknown  Unknown
libmkl_def.so.2    000014BD8007D95C  mkl_blas_def_dgem     Unknown  Unknown
Image              PC                Routine            Line        Source             
libc.so.6          0000147BCBE63790  Unknown               Unknown  Unknown
libmkl_vml_def.so  0000147AF0F38ECB  mkl_vml_kernel_Se     Unknown  Unknown
forrtl: error (78): process killed (SIGTERM)
Image              PC                Routine            Line        Source             
libc.so.6          00001457F4C63790  Unknown               Unknown  Unknown
libmkl_def.so.2    0000145719E7D8F0  mkl_blas_def_dgem     Unknown  Unknown
